<?xml version="1.0" encoding="UTF-8"?>
<testsuite xmlns:xsi="http://www.w3.org/2001/XMLSchema-instance" xsi:noNamespaceSchemaLocation="https://maven.apache.org/surefire/maven-surefire-plugin/xsd/surefire-test-report.xsd" name="com.swpu.uchain.openexperiment.mapper.FundsMapperTest" time="0.054" tests="1" errors="0" skipped="0" failures="0">
  <properties>
    <property name="sun.desktop" value="windows"/>
    <property name="awt.toolkit" value="sun.awt.windows.WToolkit"/>
    <property name="file.encoding.pkg" value="sun.io"/>
    <property name="java.specification.version" value="1.8"/>
    <property name="sun.cpu.isalist" value="amd64"/>
    <property name="sun.jnu.encoding" value="GBK"/>
    <property name="java.class.path" value="C:\Users\Administrator\Desktop\项目\open-experiment-management-system\target\test-classes;C:\Users\Administrator\Desktop\项目\open-experiment-management-system\target\classes;C:\Users\Administrator\Documents\apache-maven-3.6.3\repo\org\springframework\boot\spring-boot-starter-data-redis\2.1.0.RELEASE\spring-boot-starter-data-redis-2.1.0.RELEASE.jar;C:\Users\Administrator\Documents\apache-maven-3.6.3\repo\org\springframework\boot\spring-boot-starter\2.1.0.RELEASE\spring-boot-starter-2.1.0.RELEASE.jar;C:\Users\Administrator\Documents\apache-maven-3.6.3\repo\org\springframework\boot\spring-boot-starter-logging\2.1.0.RELEASE\spring-boot-starter-logging-2.1.0.RELEASE.jar;C:\Users\Administrator\Documents\apache-maven-3.6.3\repo\ch\qos\logback\logback-classic\1.2.3\logback-classic-1.2.3.jar;C:\Users\Administrator\Documents\apache-maven-3.6.3\repo\ch\qos\logback\logback-core\1.2.3\logback-core-1.2.3.jar;C:\Users\Administrator\Documents\apache-maven-3.6.3\repo\org\apache\logging\log4j\log4j-to-slf4j\2.11.1\log4j-to-slf4j-2.11.1.jar;C:\Users\Administrator\Documents\apache-maven-3.6.3\repo\org\apache\logging\log4j\log4j-api\2.11.1\log4j-api-2.11.1.jar;C:\Users\Administrator\Documents\apache-maven-3.6.3\repo\org\slf4j\jul-to-slf4j\1.7.25\jul-to-slf4j-1.7.25.jar;C:\Users\Administrator\Documents\apache-maven-3.6.3\repo\javax\annotation\javax.annotation-api\1.3.2\javax.annotation-api-1.3.2.jar;C:\Users\Administrator\Documents\apache-maven-3.6.3\repo\org\yaml\snakeyaml\1.23\snakeyaml-1.23.jar;C:\Users\Administrator\Documents\apache-maven-3.6.3\repo\org\springframework\data\spring-data-redis\2.1.2.RELEASE\spring-data-redis-2.1.2.RELEASE.jar;C:\Users\Administrator\Documents\apache-maven-3.6.3\repo\org\springframework\data\spring-data-keyvalue\2.1.2.RELEASE\spring-data-keyvalue-2.1.2.RELEASE.jar;C:\Users\Administrator\Documents\apache-maven-3.6.3\repo\org\springframework\data\spring-data-commons\2.1.2.RELEASE\spring-data-commons-2.1.2.RELEASE.jar;C:\Users\Administrator\Documents\apache-maven-3.6.3\repo\org\springframework\spring-tx\5.1.2.RELEASE\spring-tx-5.1.2.RELEASE.jar;C:\Users\Administrator\Documents\apache-maven-3.6.3\repo\org\springframework\spring-oxm\5.1.2.RELEASE\spring-oxm-5.1.2.RELEASE.jar;C:\Users\Administrator\Documents\apache-maven-3.6.3\repo\org\springframework\spring-context-support\5.1.2.RELEASE\spring-context-support-5.1.2.RELEASE.jar;C:\Users\Administrator\Documents\apache-maven-3.6.3\repo\io\lettuce\lettuce-core\5.1.2.RELEASE\lettuce-core-5.1.2.RELEASE.jar;C:\Users\Administrator\Documents\apache-maven-3.6.3\repo\io\projectreactor\reactor-core\3.2.2.RELEASE\reactor-core-3.2.2.RELEASE.jar;C:\Users\Administrator\Documents\apache-maven-3.6.3\repo\org\reactivestreams\reactive-streams\1.0.2\reactive-streams-1.0.2.jar;C:\Users\Administrator\Documents\apache-maven-3.6.3\repo\io\netty\netty-common\4.1.29.Final\netty-common-4.1.29.Final.jar;C:\Users\Administrator\Documents\apache-maven-3.6.3\repo\io\netty\netty-transport\4.1.29.Final\netty-transport-4.1.29.Final.jar;C:\Users\Administrator\Documents\apache-maven-3.6.3\repo\io\netty\netty-buffer\4.1.29.Final\netty-buffer-4.1.29.Final.jar;C:\Users\Administrator\Documents\apache-maven-3.6.3\repo\io\netty\netty-resolver\4.1.29.Final\netty-resolver-4.1.29.Final.jar;C:\Users\Administrator\Documents\apache-maven-3.6.3\repo\io\netty\netty-handler\4.1.29.Final\netty-handler-4.1.29.Final.jar;C:\Users\Administrator\Documents\apache-maven-3.6.3\repo\io\netty\netty-codec\4.1.29.Final\netty-codec-4.1.29.Final.jar;C:\Users\Administrator\Documents\apache-maven-3.6.3\repo\org\springframework\boot\spring-boot-starter-web\2.1.0.RELEASE\spring-boot-starter-web-2.1.0.RELEASE.jar;C:\Users\Administrator\Documents\apache-maven-3.6.3\repo\org\springframework\boot\spring-boot-starter-json\2.1.0.RELEASE\spring-boot-starter-json-2.1.0.RELEASE.jar;C:\Users\Administrator\Documents\apache-maven-3.6.3\repo\com\fasterxml\jackson\datatype\jackson-datatype-jdk8\2.9.7\jackson-datatype-jdk8-2.9.7.jar;C:\Users\Administrator\Documents\apache-maven-3.6.3\repo\com\fasterxml\jackson\datatype\jackson-datatype-jsr310\2.9.7\jackson-datatype-jsr310-2.9.7.jar;C:\Users\Administrator\Documents\apache-maven-3.6.3\repo\com\fasterxml\jackson\module\jackson-module-parameter-names\2.9.7\jackson-module-parameter-names-2.9.7.jar;C:\Users\Administrator\Documents\apache-maven-3.6.3\repo\org\springframework\boot\spring-boot-starter-tomcat\2.1.0.RELEASE\spring-boot-starter-tomcat-2.1.0.RELEASE.jar;C:\Users\Administrator\Documents\apache-maven-3.6.3\repo\org\apache\tomcat\embed\tomcat-embed-core\9.0.12\tomcat-embed-core-9.0.12.jar;C:\Users\Administrator\Documents\apache-maven-3.6.3\repo\org\apache\tomcat\embed\tomcat-embed-el\9.0.12\tomcat-embed-el-9.0.12.jar;C:\Users\Administrator\Documents\apache-maven-3.6.3\repo\org\apache\tomcat\embed\tomcat-embed-websocket\9.0.12\tomcat-embed-websocket-9.0.12.jar;C:\Users\Administrator\Documents\apache-maven-3.6.3\repo\org\hibernate\validator\hibernate-validator\6.0.13.Final\hibernate-validator-6.0.13.Final.jar;C:\Users\Administrator\Documents\apache-maven-3.6.3\repo\javax\validation\validation-api\2.0.1.Final\validation-api-2.0.1.Final.jar;C:\Users\Administrator\Documents\apache-maven-3.6.3\repo\org\jboss\logging\jboss-logging\3.3.2.Final\jboss-logging-3.3.2.Final.jar;C:\Users\Administrator\Documents\apache-maven-3.6.3\repo\org\springframework\spring-web\5.1.2.RELEASE\spring-web-5.1.2.RELEASE.jar;C:\Users\Administrator\Documents\apache-maven-3.6.3\repo\org\springframework\spring-beans\5.1.2.RELEASE\spring-beans-5.1.2.RELEASE.jar;C:\Users\Administrator\Documents\apache-maven-3.6.3\repo\org\springframework\spring-webmvc\5.1.2.RELEASE\spring-webmvc-5.1.2.RELEASE.jar;C:\Users\Administrator\Documents\apache-maven-3.6.3\repo\org\springframework\spring-context\5.1.2.RELEASE\spring-context-5.1.2.RELEASE.jar;C:\Users\Administrator\Documents\apache-maven-3.6.3\repo\org\springframework\spring-expression\5.1.2.RELEASE\spring-expression-5.1.2.RELEASE.jar;C:\Users\Administrator\Documents\apache-maven-3.6.3\repo\org\springframework\boot\spring-boot-starter-test\2.1.0.RELEASE\spring-boot-starter-test-2.1.0.RELEASE.jar;C:\Users\Administrator\Documents\apache-maven-3.6.3\repo\org\springframework\boot\spring-boot-test\2.1.0.RELEASE\spring-boot-test-2.1.0.RELEASE.jar;C:\Users\Administrator\Documents\apache-maven-3.6.3\repo\org\springframework\boot\spring-boot-test-autoconfigure\2.1.0.RELEASE\spring-boot-test-autoconfigure-2.1.0.RELEASE.jar;C:\Users\Administrator\Documents\apache-maven-3.6.3\repo\com\jayway\jsonpath\json-path\2.4.0\json-path-2.4.0.jar;C:\Users\Administrator\Documents\apache-maven-3.6.3\repo\net\minidev\json-smart\2.3\json-smart-2.3.jar;C:\Users\Administrator\Documents\apache-maven-3.6.3\repo\net\minidev\accessors-smart\1.2\accessors-smart-1.2.jar;C:\Users\Administrator\Documents\apache-maven-3.6.3\repo\org\ow2\asm\asm\5.0.4\asm-5.0.4.jar;C:\Users\Administrator\Documents\apache-maven-3.6.3\repo\junit\junit\4.12\junit-4.12.jar;C:\Users\Administrator\Documents\apache-maven-3.6.3\repo\org\assertj\assertj-core\3.11.1\assertj-core-3.11.1.jar;C:\Users\Administrator\Documents\apache-maven-3.6.3\repo\org\mockito\mockito-core\2.23.0\mockito-core-2.23.0.jar;C:\Users\Administrator\Documents\apache-maven-3.6.3\repo\net\bytebuddy\byte-buddy\1.9.3\byte-buddy-1.9.3.jar;C:\Users\Administrator\Documents\apache-maven-3.6.3\repo\net\bytebuddy\byte-buddy-agent\1.9.3\byte-buddy-agent-1.9.3.jar;C:\Users\Administrator\Documents\apache-maven-3.6.3\repo\org\objenesis\objenesis\2.6\objenesis-2.6.jar;C:\Users\Administrator\Documents\apache-maven-3.6.3\repo\org\hamcrest\hamcrest-core\1.3\hamcrest-core-1.3.jar;C:\Users\Administrator\Documents\apache-maven-3.6.3\repo\org\hamcrest\hamcrest-library\1.3\hamcrest-library-1.3.jar;C:\Users\Administrator\Documents\apache-maven-3.6.3\repo\org\skyscreamer\jsonassert\1.5.0\jsonassert-1.5.0.jar;C:\Users\Administrator\Documents\apache-maven-3.6.3\repo\com\vaadin\external\google\android-json\0.0.20131108.vaadin1\android-json-0.0.20131108.vaadin1.jar;C:\Users\Administrator\Documents\apache-maven-3.6.3\repo\org\springframework\spring-core\5.1.2.RELEASE\spring-core-5.1.2.RELEASE.jar;C:\Users\Administrator\Documents\apache-maven-3.6.3\repo\org\springframework\spring-jcl\5.1.2.RELEASE\spring-jcl-5.1.2.RELEASE.jar;C:\Users\Administrator\Documents\apache-maven-3.6.3\repo\org\xmlunit\xmlunit-core\2.6.2\xmlunit-core-2.6.2.jar;C:\Users\Administrator\Documents\apache-maven-3.6.3\repo\com\deepoove\poi-tl\1.5.0\poi-tl-1.5.0.jar;C:\Users\Administrator\Documents\apache-maven-3.6.3\repo\org\slf4j\slf4j-api\1.7.25\slf4j-api-1.7.25.jar;C:\Users\Administrator\Documents\apache-maven-3.6.3\repo\com\alibaba\druid\1.1.12\druid-1.1.12.jar;C:\Users\Administrator\Documents\apache-maven-3.6.3\repo\com\alibaba\fastjson\1.2.58\fastjson-1.2.58.jar;C:\Users\Administrator\Documents\apache-maven-3.6.3\repo\org\projectlombok\lombok\1.18.10\lombok-1.18.10.jar;C:\Users\Administrator\Documents\apache-maven-3.6.3\repo\mysql\mysql-connector-java\8.0.13\mysql-connector-java-8.0.13.jar;C:\Users\Administrator\Documents\apache-maven-3.6.3\repo\org\mybatis\spring\boot\mybatis-spring-boot-starter\1.3.2\mybatis-spring-boot-starter-1.3.2.jar;C:\Users\Administrator\Documents\apache-maven-3.6.3\repo\org\springframework\boot\spring-boot-starter-jdbc\2.1.0.RELEASE\spring-boot-starter-jdbc-2.1.0.RELEASE.jar;C:\Users\Administrator\Documents\apache-maven-3.6.3\repo\com\zaxxer\HikariCP\3.2.0\HikariCP-3.2.0.jar;C:\Users\Administrator\Documents\apache-maven-3.6.3\repo\org\springframework\spring-jdbc\5.1.2.RELEASE\spring-jdbc-5.1.2.RELEASE.jar;C:\Users\Administrator\Documents\apache-maven-3.6.3\repo\org\mybatis\spring\boot\mybatis-spring-boot-autoconfigure\1.3.2\mybatis-spring-boot-autoconfigure-1.3.2.jar;C:\Users\Administrator\Documents\apache-maven-3.6.3\repo\org\mybatis\mybatis\3.4.6\mybatis-3.4.6.jar;C:\Users\Administrator\Documents\apache-maven-3.6.3\repo\org\mybatis\mybatis-spring\1.3.2\mybatis-spring-1.3.2.jar;C:\Users\Administrator\Documents\apache-maven-3.6.3\repo\com\alibaba\druid-spring-boot-starter\1.1.10\druid-spring-boot-starter-1.1.10.jar;C:\Users\Administrator\Documents\apache-maven-3.6.3\repo\org\springframework\boot\spring-boot-autoconfigure\2.1.0.RELEASE\spring-boot-autoconfigure-2.1.0.RELEASE.jar;C:\Users\Administrator\Documents\apache-maven-3.6.3\repo\org\springframework\boot\spring-boot-starter-actuator\2.1.0.RELEASE\spring-boot-starter-actuator-2.1.0.RELEASE.jar;C:\Users\Administrator\Documents\apache-maven-3.6.3\repo\org\springframework\boot\spring-boot-actuator-autoconfigure\2.1.0.RELEASE\spring-boot-actuator-autoconfigure-2.1.0.RELEASE.jar;C:\Users\Administrator\Documents\apache-maven-3.6.3\repo\org\springframework\boot\spring-boot-actuator\2.1.0.RELEASE\spring-boot-actuator-2.1.0.RELEASE.jar;C:\Users\Administrator\Documents\apache-maven-3.6.3\repo\io\micrometer\micrometer-core\1.1.0\micrometer-core-1.1.0.jar;C:\Users\Administrator\Documents\apache-maven-3.6.3\repo\org\hdrhistogram\HdrHistogram\2.1.9\HdrHistogram-2.1.9.jar;C:\Users\Administrator\Documents\apache-maven-3.6.3\repo\org\latencyutils\LatencyUtils\2.0.3\LatencyUtils-2.0.3.jar;C:\Users\Administrator\Documents\apache-maven-3.6.3\repo\org\springframework\boot\spring-boot-starter-aop\2.1.0.RELEASE\spring-boot-starter-aop-2.1.0.RELEASE.jar;C:\Users\Administrator\Documents\apache-maven-3.6.3\repo\org\springframework\spring-aop\5.1.2.RELEASE\spring-aop-5.1.2.RELEASE.jar;C:\Users\Administrator\Documents\apache-maven-3.6.3\repo\org\aspectj\aspectjweaver\1.9.2\aspectjweaver-1.9.2.jar;C:\Users\Administrator\Documents\apache-maven-3.6.3\repo\redis\clients\jedis\2.9.0\jedis-2.9.0.jar;C:\Users\Administrator\Documents\apache-maven-3.6.3\repo\org\apache\commons\commons-pool2\2.6.0\commons-pool2-2.6.0.jar;C:\Users\Administrator\Documents\apache-maven-3.6.3\repo\io\springfox\springfox-swagger-ui\2.8.0\springfox-swagger-ui-2.8.0.jar;C:\Users\Administrator\Documents\apache-maven-3.6.3\repo\io\springfox\springfox-spring-web\2.8.0\springfox-spring-web-2.8.0.jar;C:\Users\Administrator\Documents\apache-maven-3.6.3\repo\org\reflections\reflections\0.9.11\reflections-0.9.11.jar;C:\Users\Administrator\Documents\apache-maven-3.6.3\repo\org\javassist\javassist\3.21.0-GA\javassist-3.21.0-GA.jar;C:\Users\Administrator\Documents\apache-maven-3.6.3\repo\io\springfox\springfox-swagger2\2.8.0\springfox-swagger2-2.8.0.jar;C:\Users\Administrator\Documents\apache-maven-3.6.3\repo\io\swagger\swagger-annotations\1.5.14\swagger-annotations-1.5.14.jar;C:\Users\Administrator\Documents\apache-maven-3.6.3\repo\io\swagger\swagger-models\1.5.14\swagger-models-1.5.14.jar;C:\Users\Administrator\Documents\apache-maven-3.6.3\repo\com\fasterxml\jackson\core\jackson-annotations\2.9.0\jackson-annotations-2.9.0.jar;C:\Users\Administrator\Documents\apache-maven-3.6.3\repo\io\springfox\springfox-spi\2.8.0\springfox-spi-2.8.0.jar;C:\Users\Administrator\Documents\apache-maven-3.6.3\repo\io\springfox\springfox-core\2.8.0\springfox-core-2.8.0.jar;C:\Users\Administrator\Documents\apache-maven-3.6.3\repo\io\springfox\springfox-schema\2.8.0\springfox-schema-2.8.0.jar;C:\Users\Administrator\Documents\apache-maven-3.6.3\repo\io\springfox\springfox-swagger-common\2.8.0\springfox-swagger-common-2.8.0.jar;C:\Users\Administrator\Documents\apache-maven-3.6.3\repo\com\google\guava\guava\20.0\guava-20.0.jar;C:\Users\Administrator\Documents\apache-maven-3.6.3\repo\com\fasterxml\classmate\1.4.0\classmate-1.4.0.jar;C:\Users\Administrator\Documents\apache-maven-3.6.3\repo\org\springframework\plugin\spring-plugin-core\1.2.0.RELEASE\spring-plugin-core-1.2.0.RELEASE.jar;C:\Users\Administrator\Documents\apache-maven-3.6.3\repo\org\springframework\plugin\spring-plugin-metadata\1.2.0.RELEASE\spring-plugin-metadata-1.2.0.RELEASE.jar;C:\Users\Administrator\Documents\apache-maven-3.6.3\repo\org\mapstruct\mapstruct\1.2.0.Final\mapstruct-1.2.0.Final.jar;C:\Users\Administrator\Documents\apache-maven-3.6.3\repo\org\apache\directory\studio\org.apache.commons.collections\3.2.1\org.apache.commons.collections-3.2.1.jar;C:\Users\Administrator\Documents\apache-maven-3.6.3\repo\commons-collections\commons-collections\3.2.1\commons-collections-3.2.1.jar;C:\Users\Administrator\Documents\apache-maven-3.6.3\repo\org\docx4j\docx4j-ImportXHTML\3.3.6\docx4j-ImportXHTML-3.3.6.jar;C:\Users\Administrator\Documents\apache-maven-3.6.3\repo\org\docx4j\xhtmlrenderer\3.0.0\xhtmlrenderer-3.0.0.jar;C:\Users\Administrator\Documents\apache-maven-3.6.3\repo\commons-beanutils\commons-beanutils\1.9.3\commons-beanutils-1.9.3.jar;C:\Users\Administrator\Documents\apache-maven-3.6.3\repo\commons-logging\commons-logging\1.2\commons-logging-1.2.jar;C:\Users\Administrator\Documents\apache-maven-3.6.3\repo\org\springframework\boot\spring-boot-configuration-processor\2.1.0.RELEASE\spring-boot-configuration-processor-2.1.0.RELEASE.jar;C:\Users\Administrator\Documents\apache-maven-3.6.3\repo\org\apache\commons\commons-lang3\3.8.1\commons-lang3-3.8.1.jar;C:\Users\Administrator\Documents\apache-maven-3.6.3\repo\org\jasig\cas\client\cas-client-core\3.4.1\cas-client-core-3.4.1.jar;C:\Users\Administrator\Documents\apache-maven-3.6.3\repo\org\springframework\mobile\spring-mobile-device\1.1.5.RELEASE\spring-mobile-device-1.1.5.RELEASE.jar;C:\Users\Administrator\Documents\apache-maven-3.6.3\repo\com\artofsolving\jodconverter\2.2.1\jodconverter-2.2.1.jar;C:\Users\Administrator\Documents\apache-maven-3.6.3\repo\commons-io\commons-io\1.3.1\commons-io-1.3.1.jar;C:\Users\Administrator\Documents\apache-maven-3.6.3\repo\org\openoffice\juh\2.3.0\juh-2.3.0.jar;C:\Users\Administrator\Documents\apache-maven-3.6.3\repo\org\openoffice\jurt\2.3.0\jurt-2.3.0.jar;C:\Users\Administrator\Documents\apache-maven-3.6.3\repo\org\openoffice\ridl\2.3.0\ridl-2.3.0.jar;C:\Users\Administrator\Documents\apache-maven-3.6.3\repo\org\openoffice\unoil\2.3.0\unoil-2.3.0.jar;C:\Users\Administrator\Documents\apache-maven-3.6.3\repo\org\springframework\boot\spring-boot-starter-security\2.1.0.RELEASE\spring-boot-starter-security-2.1.0.RELEASE.jar;C:\Users\Administrator\Documents\apache-maven-3.6.3\repo\org\springframework\security\spring-security-config\5.1.1.RELEASE\spring-security-config-5.1.1.RELEASE.jar;C:\Users\Administrator\Documents\apache-maven-3.6.3\repo\org\springframework\security\spring-security-core\5.1.1.RELEASE\spring-security-core-5.1.1.RELEASE.jar;C:\Users\Administrator\Documents\apache-maven-3.6.3\repo\org\springframework\security\spring-security-web\5.1.1.RELEASE\spring-security-web-5.1.1.RELEASE.jar;C:\Users\Administrator\Documents\apache-maven-3.6.3\repo\io\jsonwebtoken\jjwt\0.9.0\jjwt-0.9.0.jar;C:\Users\Administrator\Documents\apache-maven-3.6.3\repo\com\fasterxml\jackson\core\jackson-databind\2.9.7\jackson-databind-2.9.7.jar;C:\Users\Administrator\Documents\apache-maven-3.6.3\repo\com\github\pagehelper\pagehelper-spring-boot-starter\1.2.5\pagehelper-spring-boot-starter-1.2.5.jar;C:\Users\Administrator\Documents\apache-maven-3.6.3\repo\com\github\pagehelper\pagehelper-spring-boot-autoconfigure\1.2.5\pagehelper-spring-boot-autoconfigure-1.2.5.jar;C:\Users\Administrator\Documents\apache-maven-3.6.3\repo\com\github\pagehelper\pagehelper\5.1.4\pagehelper-5.1.4.jar;C:\Users\Administrator\Documents\apache-maven-3.6.3\repo\com\github\jsqlparser\jsqlparser\1.0\jsqlparser-1.0.jar;C:\Users\Administrator\Documents\apache-maven-3.6.3\repo\org\springframework\boot\spring-boot-devtools\2.1.0.RELEASE\spring-boot-devtools-2.1.0.RELEASE.jar;C:\Users\Administrator\Documents\apache-maven-3.6.3\repo\org\springframework\boot\spring-boot\2.1.0.RELEASE\spring-boot-2.1.0.RELEASE.jar;C:\Users\Administrator\Documents\apache-maven-3.6.3\repo\fr\opensagres\xdocreport\org.apache.poi.xwpf.converter.pdf\1.0.4\org.apache.poi.xwpf.converter.pdf-1.0.4.jar;C:\Users\Administrator\Documents\apache-maven-3.6.3\repo\fr\opensagres\xdocreport\fr.opensagres.xdocreport.itext.extension\1.0.4\fr.opensagres.xdocreport.itext.extension-1.0.4.jar;C:\Users\Administrator\Documents\apache-maven-3.6.3\repo\fr\opensagres\xdocreport\xdocreport\2.0.1\xdocreport-2.0.1.jar;C:\Users\Administrator\Documents\apache-maven-3.6.3\repo\org\apache\commons\commons-dbcp2\2.1.1\commons-dbcp2-2.1.1.jar;C:\Users\Administrator\Documents\apache-maven-3.6.3\repo\org\junit\jupiter\junit-jupiter-api\5.7.0\junit-jupiter-api-5.7.0.jar;C:\Users\Administrator\Documents\apache-maven-3.6.3\repo\org\apiguardian\apiguardian-api\1.1.0\apiguardian-api-1.1.0.jar;C:\Users\Administrator\Documents\apache-maven-3.6.3\repo\org\opentest4j\opentest4j\1.2.0\opentest4j-1.2.0.jar;C:\Users\Administrator\Documents\apache-maven-3.6.3\repo\org\junit\platform\junit-platform-commons\1.3.1\junit-platform-commons-1.3.1.jar;C:\Users\Administrator\Documents\apache-maven-3.6.3\repo\org\apache\commons\commons-collections4\4.1\commons-collections4-4.1.jar;C:\Users\Administrator\Documents\apache-maven-3.6.3\repo\org\springframework\spring-test\5.1.10.RELEASE\spring-test-5.1.10.RELEASE.jar;C:\Users\Administrator\Documents\apache-maven-3.6.3\repo\com\itextpdf\itextpdf\5.5.9\itextpdf-5.5.9.jar;C:\Users\Administrator\Documents\apache-maven-3.6.3\repo\com\itextpdf\tool\xmlworker\5.5.9\xmlworker-5.5.9.jar;C:\Users\Administrator\Documents\apache-maven-3.6.3\repo\com\itextpdf\itext-asian\5.2.0\itext-asian-5.2.0.jar;C:\Users\Administrator\Documents\apache-maven-3.6.3\repo\org\xhtmlrenderer\flying-saucer-pdf-itext5\9.0.3\flying-saucer-pdf-itext5-9.0.3.jar;C:\Users\Administrator\Documents\apache-maven-3.6.3\repo\org\xhtmlrenderer\flying-saucer-core\9.0.3\flying-saucer-core-9.0.3.jar;C:\Users\Administrator\Documents\apache-maven-3.6.3\repo\org\apache\poi\poi\3.14\poi-3.14.jar;C:\Users\Administrator\Documents\apache-maven-3.6.3\repo\commons-codec\commons-codec\1.11\commons-codec-1.11.jar;C:\Users\Administrator\Documents\apache-maven-3.6.3\repo\org\xhtmlrenderer\flying-saucer-pdf\9.0.7\flying-saucer-pdf-9.0.7.jar;C:\Users\Administrator\Documents\apache-maven-3.6.3\repo\com\lowagie\itext\2.1.7\itext-2.1.7.jar;C:\Users\Administrator\Documents\apache-maven-3.6.3\repo\bouncycastle\bcmail-jdk14\138\bcmail-jdk14-138.jar;C:\Users\Administrator\Documents\apache-maven-3.6.3\repo\bouncycastle\bcprov-jdk14\138\bcprov-jdk14-138.jar;C:\Users\Administrator\Documents\apache-maven-3.6.3\repo\org\bouncycastle\bctsp-jdk14\1.38\bctsp-jdk14-1.38.jar;C:\Users\Administrator\Documents\apache-maven-3.6.3\repo\org\bouncycastle\bcprov-jdk14\1.38\bcprov-jdk14-1.38.jar;C:\Users\Administrator\Documents\apache-maven-3.6.3\repo\org\bouncycastle\bcmail-jdk14\1.38\bcmail-jdk14-1.38.jar;C:\Users\Administrator\Documents\apache-maven-3.6.3\repo\org\apache\poi\poi-scratchpad\3.14\poi-scratchpad-3.14.jar;C:\Users\Administrator\Documents\apache-maven-3.6.3\repo\org\apache\poi\poi-ooxml\3.14\poi-ooxml-3.14.jar;C:\Users\Administrator\Documents\apache-maven-3.6.3\repo\com\github\virtuald\curvesapi\1.03\curvesapi-1.03.jar;C:\Users\Administrator\Documents\apache-maven-3.6.3\repo\org\apache\poi\poi-ooxml-schemas\3.14\poi-ooxml-schemas-3.14.jar;C:\Users\Administrator\Documents\apache-maven-3.6.3\repo\org\apache\xmlbeans\xmlbeans\2.6.0\xmlbeans-2.6.0.jar;C:\Users\Administrator\Documents\apache-maven-3.6.3\repo\stax\stax-api\1.0.1\stax-api-1.0.1.jar;C:\Users\Administrator\Documents\apache-maven-3.6.3\repo\fr\opensagres\xdocreport\org.apache.poi.xwpf.converter.core\1.0.4\org.apache.poi.xwpf.converter.core-1.0.4.jar;C:\Users\Administrator\Documents\apache-maven-3.6.3\repo\org\apache\poi\ooxml-schemas\1.1\ooxml-schemas-1.1.jar;C:\Users\Administrator\Documents\apache-maven-3.6.3\repo\fr\opensagres\xdocreport\org.apache.poi.xwpf.converter.xhtml\1.0.4\org.apache.poi.xwpf.converter.xhtml-1.0.4.jar;C:\Users\Administrator\Documents\apache-maven-3.6.3\repo\commons-fileupload\commons-fileupload\1.3.3\commons-fileupload-1.3.3.jar;C:\Users\Administrator\Documents\apache-maven-3.6.3\repo\org\docx4j\docx4j\3.3.6\docx4j-3.3.6.jar;C:\Users\Administrator\Documents\apache-maven-3.6.3\repo\org\plutext\jaxb-svg11\1.0.2\jaxb-svg11-1.0.2.jar;C:\Users\Administrator\Documents\apache-maven-3.6.3\repo\net\engio\mbassador\1.2.4.2\mbassador-1.2.4.2.jar;C:\Users\Administrator\Documents\apache-maven-3.6.3\repo\org\slf4j\jcl-over-slf4j\1.7.25\jcl-over-slf4j-1.7.25.jar;C:\Users\Administrator\Documents\apache-maven-3.6.3\repo\org\slf4j\slf4j-log4j12\1.7.25\slf4j-log4j12-1.7.25.jar;C:\Users\Administrator\Documents\apache-maven-3.6.3\repo\log4j\log4j\1.2.17\log4j-1.2.17.jar;C:\Users\Administrator\Documents\apache-maven-3.6.3\repo\org\apache\httpcomponents\httpclient\4.5.6\httpclient-4.5.6.jar;C:\Users\Administrator\Documents\apache-maven-3.6.3\repo\org\apache\httpcomponents\httpcore\4.4.10\httpcore-4.4.10.jar;C:\Users\Administrator\Documents\apache-maven-3.6.3\repo\com\fasterxml\jackson\core\jackson-core\2.9.7\jackson-core-2.9.7.jar;C:\Users\Administrator\Documents\apache-maven-3.6.3\repo\org\apache\xmlgraphics\xmlgraphics-commons\2.1\xmlgraphics-commons-2.1.jar;C:\Users\Administrator\Documents\apache-maven-3.6.3\repo\org\apache\avalon\framework\avalon-framework-api\4.3.1\avalon-framework-api-4.3.1.jar;C:\Users\Administrator\Documents\apache-maven-3.6.3\repo\org\apache\avalon\framework\avalon-framework-impl\4.3.1\avalon-framework-impl-4.3.1.jar;C:\Users\Administrator\Documents\apache-maven-3.6.3\repo\xalan\xalan\2.7.2\xalan-2.7.2.jar;C:\Users\Administrator\Documents\apache-maven-3.6.3\repo\xalan\serializer\2.7.2\serializer-2.7.2.jar;C:\Users\Administrator\Documents\apache-maven-3.6.3\repo\net\arnx\wmf2svg\0.9.8\wmf2svg-0.9.8.jar;C:\Users\Administrator\Documents\apache-maven-3.6.3\repo\org\antlr\antlr-runtime\3.5.2\antlr-runtime-3.5.2.jar;C:\Users\Administrator\Documents\apache-maven-3.6.3\repo\org\antlr\stringtemplate\3.2.1\stringtemplate-3.2.1.jar;C:\Users\Administrator\Documents\apache-maven-3.6.3\repo\antlr\antlr\2.7.7\antlr-2.7.7.jar;C:\Users\Administrator\Documents\apache-maven-3.6.3\repo\com\thedeanda\lorem\2.0\lorem-2.0.jar;C:\Users\Administrator\Documents\apache-maven-3.6.3\repo\org\jsoup\jsoup\1.10.2\jsoup-1.10.2.jar;"/>
    <property name="java.vm.vendor" value="Oracle Corporation"/>
    <property name="sun.arch.data.model" value="64"/>
    <property name="user.variant" value=""/>
    <property name="java.vendor.url" value="http://java.oracle.com/"/>
    <property name="user.timezone" value="Asia/Shanghai"/>
    <property name="java.vm.specification.version" value="1.8"/>
    <property name="os.name" value="Windows 10"/>
    <property name="user.country" value="CN"/>
    <property name="sun.java.launcher" value="SUN_STANDARD"/>
    <property name="sun.boot.library.path" value="C:\Java\jdk1.8.0_201\jre\bin"/>
    <property name="sun.java.command" value="C:\Users\ADMINI~1\AppData\Local\Temp\surefire8186762250836908973\surefirebooter4458207639627463381.jar C:\Users\Administrator\AppData\Local\Temp\surefire8186762250836908973 2020-10-04T11-06-12_223-jvmRun1 surefire2340188182301917384tmp surefire_07891978285290395727tmp"/>
    <property name="surefire.test.class.path" value="C:\Users\Administrator\Desktop\项目\open-experiment-management-system\target\test-classes;C:\Users\Administrator\Desktop\项目\open-experiment-management-system\target\classes;C:\Users\Administrator\Documents\apache-maven-3.6.3\repo\org\springframework\boot\spring-boot-starter-data-redis\2.1.0.RELEASE\spring-boot-starter-data-redis-2.1.0.RELEASE.jar;C:\Users\Administrator\Documents\apache-maven-3.6.3\repo\org\springframework\boot\spring-boot-starter\2.1.0.RELEASE\spring-boot-starter-2.1.0.RELEASE.jar;C:\Users\Administrator\Documents\apache-maven-3.6.3\repo\org\springframework\boot\spring-boot-starter-logging\2.1.0.RELEASE\spring-boot-starter-logging-2.1.0.RELEASE.jar;C:\Users\Administrator\Documents\apache-maven-3.6.3\repo\ch\qos\logback\logback-classic\1.2.3\logback-classic-1.2.3.jar;C:\Users\Administrator\Documents\apache-maven-3.6.3\repo\ch\qos\logback\logback-core\1.2.3\logback-core-1.2.3.jar;C:\Users\Administrator\Documents\apache-maven-3.6.3\repo\org\apache\logging\log4j\log4j-to-slf4j\2.11.1\log4j-to-slf4j-2.11.1.jar;C:\Users\Administrator\Documents\apache-maven-3.6.3\repo\org\apache\logging\log4j\log4j-api\2.11.1\log4j-api-2.11.1.jar;C:\Users\Administrator\Documents\apache-maven-3.6.3\repo\org\slf4j\jul-to-slf4j\1.7.25\jul-to-slf4j-1.7.25.jar;C:\Users\Administrator\Documents\apache-maven-3.6.3\repo\javax\annotation\javax.annotation-api\1.3.2\javax.annotation-api-1.3.2.jar;C:\Users\Administrator\Documents\apache-maven-3.6.3\repo\org\yaml\snakeyaml\1.23\snakeyaml-1.23.jar;C:\Users\Administrator\Documents\apache-maven-3.6.3\repo\org\springframework\data\spring-data-redis\2.1.2.RELEASE\spring-data-redis-2.1.2.RELEASE.jar;C:\Users\Administrator\Documents\apache-maven-3.6.3\repo\org\springframework\data\spring-data-keyvalue\2.1.2.RELEASE\spring-data-keyvalue-2.1.2.RELEASE.jar;C:\Users\Administrator\Documents\apache-maven-3.6.3\repo\org\springframework\data\spring-data-commons\2.1.2.RELEASE\spring-data-commons-2.1.2.RELEASE.jar;C:\Users\Administrator\Documents\apache-maven-3.6.3\repo\org\springframework\spring-tx\5.1.2.RELEASE\spring-tx-5.1.2.RELEASE.jar;C:\Users\Administrator\Documents\apache-maven-3.6.3\repo\org\springframework\spring-oxm\5.1.2.RELEASE\spring-oxm-5.1.2.RELEASE.jar;C:\Users\Administrator\Documents\apache-maven-3.6.3\repo\org\springframework\spring-context-support\5.1.2.RELEASE\spring-context-support-5.1.2.RELEASE.jar;C:\Users\Administrator\Documents\apache-maven-3.6.3\repo\io\lettuce\lettuce-core\5.1.2.RELEASE\lettuce-core-5.1.2.RELEASE.jar;C:\Users\Administrator\Documents\apache-maven-3.6.3\repo\io\projectreactor\reactor-core\3.2.2.RELEASE\reactor-core-3.2.2.RELEASE.jar;C:\Users\Administrator\Documents\apache-maven-3.6.3\repo\org\reactivestreams\reactive-streams\1.0.2\reactive-streams-1.0.2.jar;C:\Users\Administrator\Documents\apache-maven-3.6.3\repo\io\netty\netty-common\4.1.29.Final\netty-common-4.1.29.Final.jar;C:\Users\Administrator\Documents\apache-maven-3.6.3\repo\io\netty\netty-transport\4.1.29.Final\netty-transport-4.1.29.Final.jar;C:\Users\Administrator\Documents\apache-maven-3.6.3\repo\io\netty\netty-buffer\4.1.29.Final\netty-buffer-4.1.29.Final.jar;C:\Users\Administrator\Documents\apache-maven-3.6.3\repo\io\netty\netty-resolver\4.1.29.Final\netty-resolver-4.1.29.Final.jar;C:\Users\Administrator\Documents\apache-maven-3.6.3\repo\io\netty\netty-handler\4.1.29.Final\netty-handler-4.1.29.Final.jar;C:\Users\Administrator\Documents\apache-maven-3.6.3\repo\io\netty\netty-codec\4.1.29.Final\netty-codec-4.1.29.Final.jar;C:\Users\Administrator\Documents\apache-maven-3.6.3\repo\org\springframework\boot\spring-boot-starter-web\2.1.0.RELEASE\spring-boot-starter-web-2.1.0.RELEASE.jar;C:\Users\Administrator\Documents\apache-maven-3.6.3\repo\org\springframework\boot\spring-boot-starter-json\2.1.0.RELEASE\spring-boot-starter-json-2.1.0.RELEASE.jar;C:\Users\Administrator\Documents\apache-maven-3.6.3\repo\com\fasterxml\jackson\datatype\jackson-datatype-jdk8\2.9.7\jackson-datatype-jdk8-2.9.7.jar;C:\Users\Administrator\Documents\apache-maven-3.6.3\repo\com\fasterxml\jackson\datatype\jackson-datatype-jsr310\2.9.7\jackson-datatype-jsr310-2.9.7.jar;C:\Users\Administrator\Documents\apache-maven-3.6.3\repo\com\fasterxml\jackson\module\jackson-module-parameter-names\2.9.7\jackson-module-parameter-names-2.9.7.jar;C:\Users\Administrator\Documents\apache-maven-3.6.3\repo\org\springframework\boot\spring-boot-starter-tomcat\2.1.0.RELEASE\spring-boot-starter-tomcat-2.1.0.RELEASE.jar;C:\Users\Administrator\Documents\apache-maven-3.6.3\repo\org\apache\tomcat\embed\tomcat-embed-core\9.0.12\tomcat-embed-core-9.0.12.jar;C:\Users\Administrator\Documents\apache-maven-3.6.3\repo\org\apache\tomcat\embed\tomcat-embed-el\9.0.12\tomcat-embed-el-9.0.12.jar;C:\Users\Administrator\Documents\apache-maven-3.6.3\repo\org\apache\tomcat\embed\tomcat-embed-websocket\9.0.12\tomcat-embed-websocket-9.0.12.jar;C:\Users\Administrator\Documents\apache-maven-3.6.3\repo\org\hibernate\validator\hibernate-validator\6.0.13.Final\hibernate-validator-6.0.13.Final.jar;C:\Users\Administrator\Documents\apache-maven-3.6.3\repo\javax\validation\validation-api\2.0.1.Final\validation-api-2.0.1.Final.jar;C:\Users\Administrator\Documents\apache-maven-3.6.3\repo\org\jboss\logging\jboss-logging\3.3.2.Final\jboss-logging-3.3.2.Final.jar;C:\Users\Administrator\Documents\apache-maven-3.6.3\repo\org\springframework\spring-web\5.1.2.RELEASE\spring-web-5.1.2.RELEASE.jar;C:\Users\Administrator\Documents\apache-maven-3.6.3\repo\org\springframework\spring-beans\5.1.2.RELEASE\spring-beans-5.1.2.RELEASE.jar;C:\Users\Administrator\Documents\apache-maven-3.6.3\repo\org\springframework\spring-webmvc\5.1.2.RELEASE\spring-webmvc-5.1.2.RELEASE.jar;C:\Users\Administrator\Documents\apache-maven-3.6.3\repo\org\springframework\spring-context\5.1.2.RELEASE\spring-context-5.1.2.RELEASE.jar;C:\Users\Administrator\Documents\apache-maven-3.6.3\repo\org\springframework\spring-expression\5.1.2.RELEASE\spring-expression-5.1.2.RELEASE.jar;C:\Users\Administrator\Documents\apache-maven-3.6.3\repo\org\springframework\boot\spring-boot-starter-test\2.1.0.RELEASE\spring-boot-starter-test-2.1.0.RELEASE.jar;C:\Users\Administrator\Documents\apache-maven-3.6.3\repo\org\springframework\boot\spring-boot-test\2.1.0.RELEASE\spring-boot-test-2.1.0.RELEASE.jar;C:\Users\Administrator\Documents\apache-maven-3.6.3\repo\org\springframework\boot\spring-boot-test-autoconfigure\2.1.0.RELEASE\spring-boot-test-autoconfigure-2.1.0.RELEASE.jar;C:\Users\Administrator\Documents\apache-maven-3.6.3\repo\com\jayway\jsonpath\json-path\2.4.0\json-path-2.4.0.jar;C:\Users\Administrator\Documents\apache-maven-3.6.3\repo\net\minidev\json-smart\2.3\json-smart-2.3.jar;C:\Users\Administrator\Documents\apache-maven-3.6.3\repo\net\minidev\accessors-smart\1.2\accessors-smart-1.2.jar;C:\Users\Administrator\Documents\apache-maven-3.6.3\repo\org\ow2\asm\asm\5.0.4\asm-5.0.4.jar;C:\Users\Administrator\Documents\apache-maven-3.6.3\repo\junit\junit\4.12\junit-4.12.jar;C:\Users\Administrator\Documents\apache-maven-3.6.3\repo\org\assertj\assertj-core\3.11.1\assertj-core-3.11.1.jar;C:\Users\Administrator\Documents\apache-maven-3.6.3\repo\org\mockito\mockito-core\2.23.0\mockito-core-2.23.0.jar;C:\Users\Administrator\Documents\apache-maven-3.6.3\repo\net\bytebuddy\byte-buddy\1.9.3\byte-buddy-1.9.3.jar;C:\Users\Administrator\Documents\apache-maven-3.6.3\repo\net\bytebuddy\byte-buddy-agent\1.9.3\byte-buddy-agent-1.9.3.jar;C:\Users\Administrator\Documents\apache-maven-3.6.3\repo\org\objenesis\objenesis\2.6\objenesis-2.6.jar;C:\Users\Administrator\Documents\apache-maven-3.6.3\repo\org\hamcrest\hamcrest-core\1.3\hamcrest-core-1.3.jar;C:\Users\Administrator\Documents\apache-maven-3.6.3\repo\org\hamcrest\hamcrest-library\1.3\hamcrest-library-1.3.jar;C:\Users\Administrator\Documents\apache-maven-3.6.3\repo\org\skyscreamer\jsonassert\1.5.0\jsonassert-1.5.0.jar;C:\Users\Administrator\Documents\apache-maven-3.6.3\repo\com\vaadin\external\google\android-json\0.0.20131108.vaadin1\android-json-0.0.20131108.vaadin1.jar;C:\Users\Administrator\Documents\apache-maven-3.6.3\repo\org\springframework\spring-core\5.1.2.RELEASE\spring-core-5.1.2.RELEASE.jar;C:\Users\Administrator\Documents\apache-maven-3.6.3\repo\org\springframework\spring-jcl\5.1.2.RELEASE\spring-jcl-5.1.2.RELEASE.jar;C:\Users\Administrator\Documents\apache-maven-3.6.3\repo\org\xmlunit\xmlunit-core\2.6.2\xmlunit-core-2.6.2.jar;C:\Users\Administrator\Documents\apache-maven-3.6.3\repo\com\deepoove\poi-tl\1.5.0\poi-tl-1.5.0.jar;C:\Users\Administrator\Documents\apache-maven-3.6.3\repo\org\slf4j\slf4j-api\1.7.25\slf4j-api-1.7.25.jar;C:\Users\Administrator\Documents\apache-maven-3.6.3\repo\com\alibaba\druid\1.1.12\druid-1.1.12.jar;C:\Users\Administrator\Documents\apache-maven-3.6.3\repo\com\alibaba\fastjson\1.2.58\fastjson-1.2.58.jar;C:\Users\Administrator\Documents\apache-maven-3.6.3\repo\org\projectlombok\lombok\1.18.10\lombok-1.18.10.jar;C:\Users\Administrator\Documents\apache-maven-3.6.3\repo\mysql\mysql-connector-java\8.0.13\mysql-connector-java-8.0.13.jar;C:\Users\Administrator\Documents\apache-maven-3.6.3\repo\org\mybatis\spring\boot\mybatis-spring-boot-starter\1.3.2\mybatis-spring-boot-starter-1.3.2.jar;C:\Users\Administrator\Documents\apache-maven-3.6.3\repo\org\springframework\boot\spring-boot-starter-jdbc\2.1.0.RELEASE\spring-boot-starter-jdbc-2.1.0.RELEASE.jar;C:\Users\Administrator\Documents\apache-maven-3.6.3\repo\com\zaxxer\HikariCP\3.2.0\HikariCP-3.2.0.jar;C:\Users\Administrator\Documents\apache-maven-3.6.3\repo\org\springframework\spring-jdbc\5.1.2.RELEASE\spring-jdbc-5.1.2.RELEASE.jar;C:\Users\Administrator\Documents\apache-maven-3.6.3\repo\org\mybatis\spring\boot\mybatis-spring-boot-autoconfigure\1.3.2\mybatis-spring-boot-autoconfigure-1.3.2.jar;C:\Users\Administrator\Documents\apache-maven-3.6.3\repo\org\mybatis\mybatis\3.4.6\mybatis-3.4.6.jar;C:\Users\Administrator\Documents\apache-maven-3.6.3\repo\org\mybatis\mybatis-spring\1.3.2\mybatis-spring-1.3.2.jar;C:\Users\Administrator\Documents\apache-maven-3.6.3\repo\com\alibaba\druid-spring-boot-starter\1.1.10\druid-spring-boot-starter-1.1.10.jar;C:\Users\Administrator\Documents\apache-maven-3.6.3\repo\org\springframework\boot\spring-boot-autoconfigure\2.1.0.RELEASE\spring-boot-autoconfigure-2.1.0.RELEASE.jar;C:\Users\Administrator\Documents\apache-maven-3.6.3\repo\org\springframework\boot\spring-boot-starter-actuator\2.1.0.RELEASE\spring-boot-starter-actuator-2.1.0.RELEASE.jar;C:\Users\Administrator\Documents\apache-maven-3.6.3\repo\org\springframework\boot\spring-boot-actuator-autoconfigure\2.1.0.RELEASE\spring-boot-actuator-autoconfigure-2.1.0.RELEASE.jar;C:\Users\Administrator\Documents\apache-maven-3.6.3\repo\org\springframework\boot\spring-boot-actuator\2.1.0.RELEASE\spring-boot-actuator-2.1.0.RELEASE.jar;C:\Users\Administrator\Documents\apache-maven-3.6.3\repo\io\micrometer\micrometer-core\1.1.0\micrometer-core-1.1.0.jar;C:\Users\Administrator\Documents\apache-maven-3.6.3\repo\org\hdrhistogram\HdrHistogram\2.1.9\HdrHistogram-2.1.9.jar;C:\Users\Administrator\Documents\apache-maven-3.6.3\repo\org\latencyutils\LatencyUtils\2.0.3\LatencyUtils-2.0.3.jar;C:\Users\Administrator\Documents\apache-maven-3.6.3\repo\org\springframework\boot\spring-boot-starter-aop\2.1.0.RELEASE\spring-boot-starter-aop-2.1.0.RELEASE.jar;C:\Users\Administrator\Documents\apache-maven-3.6.3\repo\org\springframework\spring-aop\5.1.2.RELEASE\spring-aop-5.1.2.RELEASE.jar;C:\Users\Administrator\Documents\apache-maven-3.6.3\repo\org\aspectj\aspectjweaver\1.9.2\aspectjweaver-1.9.2.jar;C:\Users\Administrator\Documents\apache-maven-3.6.3\repo\redis\clients\jedis\2.9.0\jedis-2.9.0.jar;C:\Users\Administrator\Documents\apache-maven-3.6.3\repo\org\apache\commons\commons-pool2\2.6.0\commons-pool2-2.6.0.jar;C:\Users\Administrator\Documents\apache-maven-3.6.3\repo\io\springfox\springfox-swagger-ui\2.8.0\springfox-swagger-ui-2.8.0.jar;C:\Users\Administrator\Documents\apache-maven-3.6.3\repo\io\springfox\springfox-spring-web\2.8.0\springfox-spring-web-2.8.0.jar;C:\Users\Administrator\Documents\apache-maven-3.6.3\repo\org\reflections\reflections\0.9.11\reflections-0.9.11.jar;C:\Users\Administrator\Documents\apache-maven-3.6.3\repo\org\javassist\javassist\3.21.0-GA\javassist-3.21.0-GA.jar;C:\Users\Administrator\Documents\apache-maven-3.6.3\repo\io\springfox\springfox-swagger2\2.8.0\springfox-swagger2-2.8.0.jar;C:\Users\Administrator\Documents\apache-maven-3.6.3\repo\io\swagger\swagger-annotations\1.5.14\swagger-annotations-1.5.14.jar;C:\Users\Administrator\Documents\apache-maven-3.6.3\repo\io\swagger\swagger-models\1.5.14\swagger-models-1.5.14.jar;C:\Users\Administrator\Documents\apache-maven-3.6.3\repo\com\fasterxml\jackson\core\jackson-annotations\2.9.0\jackson-annotations-2.9.0.jar;C:\Users\Administrator\Documents\apache-maven-3.6.3\repo\io\springfox\springfox-spi\2.8.0\springfox-spi-2.8.0.jar;C:\Users\Administrator\Documents\apache-maven-3.6.3\repo\io\springfox\springfox-core\2.8.0\springfox-core-2.8.0.jar;C:\Users\Administrator\Documents\apache-maven-3.6.3\repo\io\springfox\springfox-schema\2.8.0\springfox-schema-2.8.0.jar;C:\Users\Administrator\Documents\apache-maven-3.6.3\repo\io\springfox\springfox-swagger-common\2.8.0\springfox-swagger-common-2.8.0.jar;C:\Users\Administrator\Documents\apache-maven-3.6.3\repo\com\google\guava\guava\20.0\guava-20.0.jar;C:\Users\Administrator\Documents\apache-maven-3.6.3\repo\com\fasterxml\classmate\1.4.0\classmate-1.4.0.jar;C:\Users\Administrator\Documents\apache-maven-3.6.3\repo\org\springframework\plugin\spring-plugin-core\1.2.0.RELEASE\spring-plugin-core-1.2.0.RELEASE.jar;C:\Users\Administrator\Documents\apache-maven-3.6.3\repo\org\springframework\plugin\spring-plugin-metadata\1.2.0.RELEASE\spring-plugin-metadata-1.2.0.RELEASE.jar;C:\Users\Administrator\Documents\apache-maven-3.6.3\repo\org\mapstruct\mapstruct\1.2.0.Final\mapstruct-1.2.0.Final.jar;C:\Users\Administrator\Documents\apache-maven-3.6.3\repo\org\apache\directory\studio\org.apache.commons.collections\3.2.1\org.apache.commons.collections-3.2.1.jar;C:\Users\Administrator\Documents\apache-maven-3.6.3\repo\commons-collections\commons-collections\3.2.1\commons-collections-3.2.1.jar;C:\Users\Administrator\Documents\apache-maven-3.6.3\repo\org\docx4j\docx4j-ImportXHTML\3.3.6\docx4j-ImportXHTML-3.3.6.jar;C:\Users\Administrator\Documents\apache-maven-3.6.3\repo\org\docx4j\xhtmlrenderer\3.0.0\xhtmlrenderer-3.0.0.jar;C:\Users\Administrator\Documents\apache-maven-3.6.3\repo\commons-beanutils\commons-beanutils\1.9.3\commons-beanutils-1.9.3.jar;C:\Users\Administrator\Documents\apache-maven-3.6.3\repo\commons-logging\commons-logging\1.2\commons-logging-1.2.jar;C:\Users\Administrator\Documents\apache-maven-3.6.3\repo\org\springframework\boot\spring-boot-configuration-processor\2.1.0.RELEASE\spring-boot-configuration-processor-2.1.0.RELEASE.jar;C:\Users\Administrator\Documents\apache-maven-3.6.3\repo\org\apache\commons\commons-lang3\3.8.1\commons-lang3-3.8.1.jar;C:\Users\Administrator\Documents\apache-maven-3.6.3\repo\org\jasig\cas\client\cas-client-core\3.4.1\cas-client-core-3.4.1.jar;C:\Users\Administrator\Documents\apache-maven-3.6.3\repo\org\springframework\mobile\spring-mobile-device\1.1.5.RELEASE\spring-mobile-device-1.1.5.RELEASE.jar;C:\Users\Administrator\Documents\apache-maven-3.6.3\repo\com\artofsolving\jodconverter\2.2.1\jodconverter-2.2.1.jar;C:\Users\Administrator\Documents\apache-maven-3.6.3\repo\commons-io\commons-io\1.3.1\commons-io-1.3.1.jar;C:\Users\Administrator\Documents\apache-maven-3.6.3\repo\org\openoffice\juh\2.3.0\juh-2.3.0.jar;C:\Users\Administrator\Documents\apache-maven-3.6.3\repo\org\openoffice\jurt\2.3.0\jurt-2.3.0.jar;C:\Users\Administrator\Documents\apache-maven-3.6.3\repo\org\openoffice\ridl\2.3.0\ridl-2.3.0.jar;C:\Users\Administrator\Documents\apache-maven-3.6.3\repo\org\openoffice\unoil\2.3.0\unoil-2.3.0.jar;C:\Users\Administrator\Documents\apache-maven-3.6.3\repo\org\springframework\boot\spring-boot-starter-security\2.1.0.RELEASE\spring-boot-starter-security-2.1.0.RELEASE.jar;C:\Users\Administrator\Documents\apache-maven-3.6.3\repo\org\springframework\security\spring-security-config\5.1.1.RELEASE\spring-security-config-5.1.1.RELEASE.jar;C:\Users\Administrator\Documents\apache-maven-3.6.3\repo\org\springframework\security\spring-security-core\5.1.1.RELEASE\spring-security-core-5.1.1.RELEASE.jar;C:\Users\Administrator\Documents\apache-maven-3.6.3\repo\org\springframework\security\spring-security-web\5.1.1.RELEASE\spring-security-web-5.1.1.RELEASE.jar;C:\Users\Administrator\Documents\apache-maven-3.6.3\repo\io\jsonwebtoken\jjwt\0.9.0\jjwt-0.9.0.jar;C:\Users\Administrator\Documents\apache-maven-3.6.3\repo\com\fasterxml\jackson\core\jackson-databind\2.9.7\jackson-databind-2.9.7.jar;C:\Users\Administrator\Documents\apache-maven-3.6.3\repo\com\github\pagehelper\pagehelper-spring-boot-starter\1.2.5\pagehelper-spring-boot-starter-1.2.5.jar;C:\Users\Administrator\Documents\apache-maven-3.6.3\repo\com\github\pagehelper\pagehelper-spring-boot-autoconfigure\1.2.5\pagehelper-spring-boot-autoconfigure-1.2.5.jar;C:\Users\Administrator\Documents\apache-maven-3.6.3\repo\com\github\pagehelper\pagehelper\5.1.4\pagehelper-5.1.4.jar;C:\Users\Administrator\Documents\apache-maven-3.6.3\repo\com\github\jsqlparser\jsqlparser\1.0\jsqlparser-1.0.jar;C:\Users\Administrator\Documents\apache-maven-3.6.3\repo\org\springframework\boot\spring-boot-devtools\2.1.0.RELEASE\spring-boot-devtools-2.1.0.RELEASE.jar;C:\Users\Administrator\Documents\apache-maven-3.6.3\repo\org\springframework\boot\spring-boot\2.1.0.RELEASE\spring-boot-2.1.0.RELEASE.jar;C:\Users\Administrator\Documents\apache-maven-3.6.3\repo\fr\opensagres\xdocreport\org.apache.poi.xwpf.converter.pdf\1.0.4\org.apache.poi.xwpf.converter.pdf-1.0.4.jar;C:\Users\Administrator\Documents\apache-maven-3.6.3\repo\fr\opensagres\xdocreport\fr.opensagres.xdocreport.itext.extension\1.0.4\fr.opensagres.xdocreport.itext.extension-1.0.4.jar;C:\Users\Administrator\Documents\apache-maven-3.6.3\repo\fr\opensagres\xdocreport\xdocreport\2.0.1\xdocreport-2.0.1.jar;C:\Users\Administrator\Documents\apache-maven-3.6.3\repo\org\apache\commons\commons-dbcp2\2.1.1\commons-dbcp2-2.1.1.jar;C:\Users\Administrator\Documents\apache-maven-3.6.3\repo\org\junit\jupiter\junit-jupiter-api\5.7.0\junit-jupiter-api-5.7.0.jar;C:\Users\Administrator\Documents\apache-maven-3.6.3\repo\org\apiguardian\apiguardian-api\1.1.0\apiguardian-api-1.1.0.jar;C:\Users\Administrator\Documents\apache-maven-3.6.3\repo\org\opentest4j\opentest4j\1.2.0\opentest4j-1.2.0.jar;C:\Users\Administrator\Documents\apache-maven-3.6.3\repo\org\junit\platform\junit-platform-commons\1.3.1\junit-platform-commons-1.3.1.jar;C:\Users\Administrator\Documents\apache-maven-3.6.3\repo\org\apache\commons\commons-collections4\4.1\commons-collections4-4.1.jar;C:\Users\Administrator\Documents\apache-maven-3.6.3\repo\org\springframework\spring-test\5.1.10.RELEASE\spring-test-5.1.10.RELEASE.jar;C:\Users\Administrator\Documents\apache-maven-3.6.3\repo\com\itextpdf\itextpdf\5.5.9\itextpdf-5.5.9.jar;C:\Users\Administrator\Documents\apache-maven-3.6.3\repo\com\itextpdf\tool\xmlworker\5.5.9\xmlworker-5.5.9.jar;C:\Users\Administrator\Documents\apache-maven-3.6.3\repo\com\itextpdf\itext-asian\5.2.0\itext-asian-5.2.0.jar;C:\Users\Administrator\Documents\apache-maven-3.6.3\repo\org\xhtmlrenderer\flying-saucer-pdf-itext5\9.0.3\flying-saucer-pdf-itext5-9.0.3.jar;C:\Users\Administrator\Documents\apache-maven-3.6.3\repo\org\xhtmlrenderer\flying-saucer-core\9.0.3\flying-saucer-core-9.0.3.jar;C:\Users\Administrator\Documents\apache-maven-3.6.3\repo\org\apache\poi\poi\3.14\poi-3.14.jar;C:\Users\Administrator\Documents\apache-maven-3.6.3\repo\commons-codec\commons-codec\1.11\commons-codec-1.11.jar;C:\Users\Administrator\Documents\apache-maven-3.6.3\repo\org\xhtmlrenderer\flying-saucer-pdf\9.0.7\flying-saucer-pdf-9.0.7.jar;C:\Users\Administrator\Documents\apache-maven-3.6.3\repo\com\lowagie\itext\2.1.7\itext-2.1.7.jar;C:\Users\Administrator\Documents\apache-maven-3.6.3\repo\bouncycastle\bcmail-jdk14\138\bcmail-jdk14-138.jar;C:\Users\Administrator\Documents\apache-maven-3.6.3\repo\bouncycastle\bcprov-jdk14\138\bcprov-jdk14-138.jar;C:\Users\Administrator\Documents\apache-maven-3.6.3\repo\org\bouncycastle\bctsp-jdk14\1.38\bctsp-jdk14-1.38.jar;C:\Users\Administrator\Documents\apache-maven-3.6.3\repo\org\bouncycastle\bcprov-jdk14\1.38\bcprov-jdk14-1.38.jar;C:\Users\Administrator\Documents\apache-maven-3.6.3\repo\org\bouncycastle\bcmail-jdk14\1.38\bcmail-jdk14-1.38.jar;C:\Users\Administrator\Documents\apache-maven-3.6.3\repo\org\apache\poi\poi-scratchpad\3.14\poi-scratchpad-3.14.jar;C:\Users\Administrator\Documents\apache-maven-3.6.3\repo\org\apache\poi\poi-ooxml\3.14\poi-ooxml-3.14.jar;C:\Users\Administrator\Documents\apache-maven-3.6.3\repo\com\github\virtuald\curvesapi\1.03\curvesapi-1.03.jar;C:\Users\Administrator\Documents\apache-maven-3.6.3\repo\org\apache\poi\poi-ooxml-schemas\3.14\poi-ooxml-schemas-3.14.jar;C:\Users\Administrator\Documents\apache-maven-3.6.3\repo\org\apache\xmlbeans\xmlbeans\2.6.0\xmlbeans-2.6.0.jar;C:\Users\Administrator\Documents\apache-maven-3.6.3\repo\stax\stax-api\1.0.1\stax-api-1.0.1.jar;C:\Users\Administrator\Documents\apache-maven-3.6.3\repo\fr\opensagres\xdocreport\org.apache.poi.xwpf.converter.core\1.0.4\org.apache.poi.xwpf.converter.core-1.0.4.jar;C:\Users\Administrator\Documents\apache-maven-3.6.3\repo\org\apache\poi\ooxml-schemas\1.1\ooxml-schemas-1.1.jar;C:\Users\Administrator\Documents\apache-maven-3.6.3\repo\fr\opensagres\xdocreport\org.apache.poi.xwpf.converter.xhtml\1.0.4\org.apache.poi.xwpf.converter.xhtml-1.0.4.jar;C:\Users\Administrator\Documents\apache-maven-3.6.3\repo\commons-fileupload\commons-fileupload\1.3.3\commons-fileupload-1.3.3.jar;C:\Users\Administrator\Documents\apache-maven-3.6.3\repo\org\docx4j\docx4j\3.3.6\docx4j-3.3.6.jar;C:\Users\Administrator\Documents\apache-maven-3.6.3\repo\org\plutext\jaxb-svg11\1.0.2\jaxb-svg11-1.0.2.jar;C:\Users\Administrator\Documents\apache-maven-3.6.3\repo\net\engio\mbassador\1.2.4.2\mbassador-1.2.4.2.jar;C:\Users\Administrator\Documents\apache-maven-3.6.3\repo\org\slf4j\jcl-over-slf4j\1.7.25\jcl-over-slf4j-1.7.25.jar;C:\Users\Administrator\Documents\apache-maven-3.6.3\repo\org\slf4j\slf4j-log4j12\1.7.25\slf4j-log4j12-1.7.25.jar;C:\Users\Administrator\Documents\apache-maven-3.6.3\repo\log4j\log4j\1.2.17\log4j-1.2.17.jar;C:\Users\Administrator\Documents\apache-maven-3.6.3\repo\org\apache\httpcomponents\httpclient\4.5.6\httpclient-4.5.6.jar;C:\Users\Administrator\Documents\apache-maven-3.6.3\repo\org\apache\httpcomponents\httpcore\4.4.10\httpcore-4.4.10.jar;C:\Users\Administrator\Documents\apache-maven-3.6.3\repo\com\fasterxml\jackson\core\jackson-core\2.9.7\jackson-core-2.9.7.jar;C:\Users\Administrator\Documents\apache-maven-3.6.3\repo\org\apache\xmlgraphics\xmlgraphics-commons\2.1\xmlgraphics-commons-2.1.jar;C:\Users\Administrator\Documents\apache-maven-3.6.3\repo\org\apache\avalon\framework\avalon-framework-api\4.3.1\avalon-framework-api-4.3.1.jar;C:\Users\Administrator\Documents\apache-maven-3.6.3\repo\org\apache\avalon\framework\avalon-framework-impl\4.3.1\avalon-framework-impl-4.3.1.jar;C:\Users\Administrator\Documents\apache-maven-3.6.3\repo\xalan\xalan\2.7.2\xalan-2.7.2.jar;C:\Users\Administrator\Documents\apache-maven-3.6.3\repo\xalan\serializer\2.7.2\serializer-2.7.2.jar;C:\Users\Administrator\Documents\apache-maven-3.6.3\repo\net\arnx\wmf2svg\0.9.8\wmf2svg-0.9.8.jar;C:\Users\Administrator\Documents\apache-maven-3.6.3\repo\org\antlr\antlr-runtime\3.5.2\antlr-runtime-3.5.2.jar;C:\Users\Administrator\Documents\apache-maven-3.6.3\repo\org\antlr\stringtemplate\3.2.1\stringtemplate-3.2.1.jar;C:\Users\Administrator\Documents\apache-maven-3.6.3\repo\antlr\antlr\2.7.7\antlr-2.7.7.jar;C:\Users\Administrator\Documents\apache-maven-3.6.3\repo\com\thedeanda\lorem\2.0\lorem-2.0.jar;C:\Users\Administrator\Documents\apache-maven-3.6.3\repo\org\jsoup\jsoup\1.10.2\jsoup-1.10.2.jar;"/>
    <property name="sun.cpu.endian" value="little"/>
    <property name="user.home" value="C:\Users\Administrator"/>
    <property name="user.language" value="zh"/>
    <property name="java.specification.vendor" value="Oracle Corporation"/>
    <property name="java.home" value="C:\Java\jdk1.8.0_201\jre"/>
    <property name="basedir" value="C:\Users\Administrator\Desktop\项目\open-experiment-management-system"/>
    <property name="file.separator" value="\"/>
    <property name="line.separator" value="&#10;"/>
    <property name="java.vm.specification.vendor" value="Oracle Corporation"/>
    <property name="java.specification.name" value="Java Platform API Specification"/>
    <property name="java.awt.graphicsenv" value="sun.awt.Win32GraphicsEnvironment"/>
    <property name="idea.version2020.1.2" value="true"/>
    <property name="surefire.real.class.path" value="C:\Users\ADMINI~1\AppData\Local\Temp\surefire8186762250836908973\surefirebooter4458207639627463381.jar"/>
    <property name="sun.boot.class.path" value="C:\Java\jdk1.8.0_201\jre\lib\resources.jar;C:\Java\jdk1.8.0_201\jre\lib\rt.jar;C:\Java\jdk1.8.0_201\jre\lib\sunrsasign.jar;C:\Java\jdk1.8.0_201\jre\lib\jsse.jar;C:\Java\jdk1.8.0_201\jre\lib\jce.jar;C:\Java\jdk1.8.0_201\jre\lib\charsets.jar;C:\Java\jdk1.8.0_201\jre\lib\jfr.jar;C:\Java\jdk1.8.0_201\jre\classes"/>
    <property name="user.script" value=""/>
    <property name="sun.management.compiler" value="HotSpot 64-Bit Tiered Compilers"/>
    <property name="java.runtime.version" value="1.8.0_201-b09"/>
    <property name="user.name" value="Administrator"/>
    <property name="path.separator" value=";"/>
    <property name="os.version" value="10.0"/>
    <property name="java.endorsed.dirs" value="C:\Java\jdk1.8.0_201\jre\lib\endorsed"/>
    <property name="java.runtime.name" value="Java(TM) SE Runtime Environment"/>
    <property name="file.encoding" value="GBK"/>
    <property name="java.vm.name" value="Java HotSpot(TM) 64-Bit Server VM"/>
    <property name="localRepository" value="C:\Users\Administrator\Documents\apache-maven-3.6.3\repo"/>
    <property name="java.vendor.url.bug" value="http://bugreport.sun.com/bugreport/"/>
    <property name="java.io.tmpdir" value="C:\Users\ADMINI~1\AppData\Local\Temp\"/>
    <property name="java.version" value="1.8.0_201"/>
    <property name="user.dir" value="C:\Users\Administrator\Desktop\项目\open-experiment-management-system"/>
    <property name="os.arch" value="amd64"/>
    <property name="java.vm.specification.name" value="Java Virtual Machine Specification"/>
    <property name="java.awt.printerjob" value="sun.awt.windows.WPrinterJob"/>
    <property name="sun.os.patch.level" value=""/>
    <property name="java.library.path" value="C:\Java\jdk1.8.0_201\jre\bin;C:\Windows\Sun\Java\bin;C:\Windows\system32;C:\Windows;C:\Program Files (x86)\NetSarang\Xshell 6\;C:\Windows\system32;C:\Windows;C:\Windows\System32\Wbem;C:\Windows\System32\WindowsPowerShell\v1.0\;C:\Windows\System32\OpenSSH\;C:\Program Files (x86)\NVIDIA Corporation\PhysX\Common;C:\Users\Administrator\Documents\jdk1.8.0_201\bin;C:\Users\Administrator\Documents\jdk1.8.0_201\jre\bin;C:\Users\Administrator\Documents\apache-maven-3.6.3\bin;C:\Program Files\Git\cmd;C:\java\gradle-6.2.1\bin;C:\Program Files\nodejs\;C:\Program Files\MySQL\MySQL Shell 8.0\bin\;C:\Users\Administrator\AppData\Local\Microsoft\WindowsApps;;C:\Program Files\JetBrains\IntelliJ IDEA 2020.1.2\bin;;C:\Users\Administrator\AppData\Roaming\npm;C:\Program Files (x86)\Nmap;."/>
    <property name="java.vm.info" value="mixed mode"/>
    <property name="java.vendor" value="Oracle Corporation"/>
    <property name="java.vm.version" value="25.201-b09"/>
    <property name="java.ext.dirs" value="C:\Java\jdk1.8.0_201\jre\lib\ext;C:\Windows\Sun\Java\lib\ext"/>
    <property name="sun.io.unicode.encoding" value="UnicodeLittle"/>
    <property name="maven.repo.local" value="C:\Users\Administrator\Documents\apache-maven-3.6.3\repo"/>
    <property name="java.class.version" value="52.0"/>
  </properties>
  <testcase name="multiInsert" classname="com.swpu.uchain.openexperiment.mapper.FundsMapperTest" time="0.045"/>
</testsuite>